# JRE version: 7.0_25-b15
# Java VM: Java HotSpot(TM) 64-Bit Server VM (23.25-b01 mixed mode bsd-amd64 compressed oops)
Heap
 def new generation   total 17920K, used 14354K [0x00000007f3000000, 0x00000007f4370000, 0x00000007f5a00000)
  eden space 15936K,  81% used [0x00000007f3000000, 0x00000007f3cae158, 0x00000007f3f90000)
  from space 1984K,  69% used [0x00000007f3f90000, 0x00000007f40e6710, 0x00000007f4180000)
  to   space 1984K,   0% used [0x00000007f4180000, 0x00000007f4180000, 0x00000007f4370000)
 tenured generation   total 39744K, used 35761K [0x00000007f5a00000, 0x00000007f80d0000, 0x00000007fae00000)
   the space 39744K,  89% used [0x00000007f5a00000, 0x00000007f7cec7b8, 0x00000007f7cec800, 0x00000007f80d0000)
 compacting perm gen  total 21248K, used 16306K [0x00000007fae00000, 0x00000007fc2c0000, 0x0000000800000000)
   the space 21248K,  76% used [0x00000007fae00000, 0x00000007fbdec8e0, 0x00000007fbdeca00, 0x00000007fc2c0000)
GC Heap History (10 events):
Event: 52.471 GC heap before
{Heap before GC invocations=23 (full 6):
 def new generation   total 8704K, used 8703K [0x00000007f3000000, 0x00000007f3970000, 0x00000007f5a00000)
  eden space 7744K, 100% used [0x00000007f3000000, 0x00000007f3790000, 0x00000007f3790000)
  from space 960K,  99% used [0x00000007f3790000, 0x00000007f387fff8, 0x00000007f3880000)
  to   space 960K,   0% used [0x00000007f3880000, 0x00000007f3880000, 0x00000007f3970000)
 tenured generation   total 19192K, used 18094K [0x00000007f5a00000, 0x00000007f6cbe000, 0x00000007fae00000)
   the space 19192K,  94% used [0x00000007f5a00000, 0x00000007f6babaa0, 0x00000007f6babc00, 0x00000007f6cbe000)
 compacting perm gen  total 21248K, used 16290K [0x00000007fae00000, 0x00000007fc2c0000, 0x0000000800000000)
   the space 21248K,  76% used [0x00000007fae00000, 0x00000007fbde8a70, 0x00000007fbde8c00, 0x00000007fc2c0000)
No shared spaces configured.
Event: 52.534 GC heap after
Heap after GC invocations=24 (full 7):
 def new generation   total 17920K, used 0K [0x00000007f3000000, 0x00000007f4370000, 0x00000007f5a00000)
  eden space 15936K,   0% used [0x00000007f3000000, 0x00000007f3000000, 0x00000007f3f90000)
  from space 1984K,   0% used [0x00000007f3f90000, 0x00000007f3f90000, 0x00000007f4180000)
  to   space 1984K,   0% used [0x00000007f4180000, 0x00000007f4180000, 0x00000007f4370000)
 tenured generation   total 39744K, used 23845K [0x00000007f5a00000, 0x00000007f80d0000, 0x00000007fae00000)
   the space 39744K,  59% used [0x00000007f5a00000, 0x00000007f7149610, 0x00000007f7149800, 0x00000007f80d0000)
 compacting perm gen  total 21248K, used 16290K [0x00000007fae00000, 0x00000007fc2c0000, 0x0000000800000000)
   the space 21248K,  76% used [0x00000007fae00000, 0x00000007fbde8a70, 0x00000007fbde8c00, 0x00000007fc2c0000)
No shared spaces configured.
}
Event: 52.876 GC heap before
{Heap before GC invocations=24 (full 7):
 def new generation   total 17920K, used 15936K [0x00000007f3000000, 0x00000007f4370000, 0x00000007f5a00000)
  eden space 15936K, 100% used [0x00000007f3000000, 0x00000007f3f90000, 0x00000007f3f90000)
  from space 1984K,   0% used [0x00000007f3f90000, 0x00000007f3f90000, 0x00000007f4180000)
  to   space 1984K,   0% used [0x00000007f4180000, 0x00000007f4180000, 0x00000007f4370000)
 tenured generation   total 39744K, used 23845K [0x00000007f5a00000, 0x00000007f80d0000, 0x00000007fae00000)
   the space 39744K,  59% used [0x00000007f5a00000, 0x00000007f7149610, 0x00000007f7149800, 0x00000007f80d0000)
 compacting perm gen  total 21248K, used 16290K [0x00000007fae00000, 0x00000007fc2c0000, 0x0000000800000000)
   the space 21248K,  76% used [0x00000007fae00000, 0x00000007fbde8a70, 0x00000007fbde8c00, 0x00000007fc2c0000)
No shared spaces configured.
Event: 52.877 GC heap after
Heap after GC invocations=25 (full 7):
 def new generation   total 17920K, used 1K [0x00000007f3000000, 0x00000007f4370000, 0x00000007f5a00000)
  eden space 15936K,   0% used [0x00000007f3000000, 0x00000007f3000000, 0x00000007f3f90000)
  from space 1984K,   0% used [0x00000007f4180000, 0x00000007f4180430, 0x00000007f4370000)
  to   space 1984K,   0% used [0x00000007f3f90000, 0x00000007f3f90000, 0x00000007f4180000)
 tenured generation   total 39744K, used 23845K [0x00000007f5a00000, 0x00000007f80d0000, 0x00000007fae00000)
   the space 39744K,  59% used [0x00000007f5a00000, 0x00000007f7149610, 0x00000007f7149800, 0x00000007f80d0000)
 compacting perm gen  total 21248K, used 16290K [0x00000007fae00000, 0x00000007fc2c0000, 0x0000000800000000)
   the space 21248K,  76% used [0x00000007fae00000, 0x00000007fbde8a70, 0x00000007fbde8c00, 0x00000007fc2c0000)
No shared spaces configured.
}
Event: 53.225 GC heap before
{Heap before GC invocations=25 (full 7):
 def new generation   total 17920K, used 15937K [0x00000007f3000000, 0x00000007f4370000, 0x00000007f5a00000)
  eden space 15936K, 100% used [0x00000007f3000000, 0x00000007f3f90000, 0x00000007f3f90000)
  from space 1984K,   0% used [0x00000007f4180000, 0x00000007f4180430, 0x00000007f4370000)
  to   space 1984K,   0% used [0x00000007f3f90000, 0x00000007f3f90000, 0x00000007f4180000)
 tenured generation   total 39744K, used 23845K [0x00000007f5a00000, 0x00000007f80d0000, 0x00000007fae00000)
   the space 39744K,  59% used [0x00000007f5a00000, 0x00000007f7149610, 0x00000007f7149800, 0x00000007f80d0000)
 compacting perm gen  total 21248K, used 16300K [0x00000007fae00000, 0x00000007fc2c0000, 0x0000000800000000)
   the space 21248K,  76% used [0x00000007fae00000, 0x00000007fbdeb1a0, 0x00000007fbdeb200, 0x00000007fc2c0000)
No shared spaces configured.
Event: 53.232 GC heap after
Heap after GC invocations=26 (full 7):
 def new generation   total 17920K, used 1542K [0x00000007f3000000, 0x00000007f4370000, 0x00000007f5a00000)
  eden space 15936K,   0% used [0x00000007f3000000, 0x00000007f3000000, 0x00000007f3f90000)
  from space 1984K,  77% used [0x00000007f3f90000, 0x00000007f41118a8, 0x00000007f4180000)
  to   space 1984K,   0% used [0x00000007f4180000, 0x00000007f4180000, 0x00000007f4370000)
 tenured generation   total 39744K, used 28570K [0x00000007f5a00000, 0x00000007f80d0000, 0x00000007fae00000)
   the space 39744K,  71% used [0x00000007f5a00000, 0x00000007f75e6a20, 0x00000007f75e6c00, 0x00000007f80d0000)
 compacting perm gen  total 21248K, used 16300K [0x00000007fae00000, 0x00000007fc2c0000, 0x0000000800000000)
   the space 21248K,  76% used [0x00000007fae00000, 0x00000007fbdeb1a0, 0x00000007fbdeb200, 0x00000007fc2c0000)
No shared spaces configured.
}
Event: 53.648 GC heap before
{Heap before GC invocations=26 (full 7):
 def new generation   total 17920K, used 17478K [0x00000007f3000000, 0x00000007f4370000, 0x00000007f5a00000)
  eden space 15936K, 100% used [0x00000007f3000000, 0x00000007f3f90000, 0x00000007f3f90000)
  from space 1984K,  77% used [0x00000007f3f90000, 0x00000007f41118a8, 0x00000007f4180000)
  to   space 1984K,   0% used [0x00000007f4180000, 0x00000007f4180000, 0x00000007f4370000)
 tenured generation   total 39744K, used 28570K [0x00000007f5a00000, 0x00000007f80d0000, 0x00000007fae00000)
   the space 39744K,  71% used [0x00000007f5a00000, 0x00000007f75e6a20, 0x00000007f75e6c00, 0x00000007f80d0000)
 compacting perm gen  total 21248K, used 16301K [0x00000007fae00000, 0x00000007fc2c0000, 0x0000000800000000)
   the space 21248K,  76% used [0x00000007fae00000, 0x00000007fbdeb438, 0x00000007fbdeb600, 0x00000007fc2c0000)
No shared spaces configured.
Event: 53.655 GC heap after
Heap after GC invocations=27 (full 7):
 def new generation   total 17920K, used 993K [0x00000007f3000000, 0x00000007f4370000, 0x00000007f5a00000)
  eden space 15936K,   0% used [0x00000007f3000000, 0x00000007f3000000, 0x00000007f3f90000)
  from space 1984K,  50% used [0x00000007f4180000, 0x00000007f4278450, 0x00000007f4370000)
  to   space 1984K,   0% used [0x00000007f3f90000, 0x00000007f3f90000, 0x00000007f4180000)
 tenured generation   total 39744K, used 30112K [0x00000007f5a00000, 0x00000007f80d0000, 0x00000007fae00000)
   the space 39744K,  75% used [0x00000007f5a00000, 0x00000007f77682c8, 0x00000007f7768400, 0x00000007f80d0000)
 compacting perm gen  total 21248K, used 16301K [0x00000007fae00000, 0x00000007fc2c0000, 0x0000000800000000)
   the space 21248K,  76% used [0x00000007fae00000, 0x00000007fbdeb438, 0x00000007fbdeb600, 0x00000007fc2c0000)
No shared spaces configured.
}
Event: 53.899 GC heap before
{Heap before GC invocations=27 (full 7):
 def new generation   total 17920K, used 16929K [0x00000007f3000000, 0x00000007f4370000, 0x00000007f5a00000)
  eden space 15936K, 100% used [0x00000007f3000000, 0x00000007f3f90000, 0x00000007f3f90000)
  from space 1984K,  50% used [0x00000007f4180000, 0x00000007f4278450, 0x00000007f4370000)
  to   space 1984K,   0% used [0x00000007f3f90000, 0x00000007f3f90000, 0x00000007f4180000)
 tenured generation   total 39744K, used 30112K [0x00000007f5a00000, 0x00000007f80d0000, 0x00000007fae00000)
   the space 39744K,  75% used [0x00000007f5a00000, 0x00000007f77682c8, 0x00000007f7768400, 0x00000007f80d0000)
 compacting perm gen  total 21248K, used 16303K [0x00000007fae00000, 0x00000007fc2c0000, 0x0000000800000000)
   the space 21248K,  76% used [0x00000007fae00000, 0x00000007fbdebf98, 0x00000007fbdec000, 0x00000007fc2c0000)
No shared spaces configured.
Event: 53.907 GC heap after
Heap after GC invocations=28 (full 7):
 def new generation   total 17920K, used 1369K [0x00000007f3000000, 0x00000007f4370000, 0x00000007f5a00000)
  eden space 15936K,   0% used [0x00000007f3000000, 0x00000007f3000000, 0x00000007f3f90000)
  from space 1984K,  69% used [0x00000007f3f90000, 0x00000007f40e6710, 0x00000007f4180000)
  to   space 1984K,   0% used [0x00000007f4180000, 0x00000007f4180000, 0x00000007f4370000)
 tenured generation   total 39744K, used 35761K [0x00000007f5a00000, 0x00000007f80d0000, 0x00000007fae00000)
   the space 39744K,  89% used [0x00000007f5a00000, 0x00000007f7cec7b8, 0x00000007f7cec800, 0x00000007f80d0000)
 compacting perm gen  total 21248K, used 16303K [0x00000007fae00000, 0x00000007fc2c0000, 0x0000000800000000)
   the space 21248K,  76% used [0x00000007fae00000, 0x00000007fbdebf98, 0x00000007fbdec000, 0x00000007fc2c0000)
No shared spaces configured.
}

